<?xml version="1.0" encoding="UTF-8"?>
<!-- Generated by org.testng.reporters.JUnitReportReporter -->
<testsuite hostname="TYSS-4F-083" name="com.tyss.test.SampleTest" tests="1" failures="0" timestamp="10 Jul 2018 09:48:54 GMT" time="0.016" errors="0">
  <testcase name="CreateUser" time="0.016" classname="com.tyss.test.SampleTest"/>
</testsuite> <!-- com.tyss.test.SampleTest -->
